{"level":"error","message":"Mon Jul 01 2024 22:47:42 GMT+0530 (India Standard Time)-{}","private":true}
{"level":"error","message":"Tue Jul 02 2024 00:18:36 GMT+0530 (India Standard Time)-{}","private":true}
{"level":"error","message":"Sat Jul 13 2024 23:47:40 GMT+0530 (India Standard Time)-{}","private":true}
{"level":"error","message":"Sat Jul 13 2024 23:48:34 GMT+0530 (India Standard Time)-{}","private":true}
{"level":"error","message":"Sat Jul 13 2024 23:50:16 GMT+0530 (India Standard Time)-{}","private":true}
{"level":"error","message":"Sun Jul 14 2024 00:03:32 GMT+0530 (India Standard Time)-{}","private":true}
{"level":"error","message":"Sun Jul 14 2024 00:11:01 GMT+0530 (India Standard Time)-{}","private":true}
{"level":"error","message":"Sun Jul 14 2024 00:12:23 GMT+0530 (India Standard Time)-{}","private":true}
{"level":"error","message":"Sun Jul 14 2024 00:12:48 GMT+0530 (India Standard Time)-{}","private":true}
{"level":"error","message":"Sun Jul 14 2024 00:13:16 GMT+0530 (India Standard Time)-{}","private":true}
{"level":"error","message":"Sun Jul 14 2024 00:13:32 GMT+0530 (India Standard Time)-{}","private":true}
{"level":"error","message":"Sun Jul 14 2024 00:34:48 GMT+0530 (India Standard Time)-{}","private":true}
{"level":"error","message":"Sun Jul 14 2024 00:58:17 GMT+0530 (India Standard Time)-{}","private":true}
{"level":"error","message":"Sun Jul 14 2024 01:07:46 GMT+0530 (India Standard Time)-{}","private":true}
{"level":"error","message":"Sun Jul 14 2024 20:05:52 GMT+0530 (India Standard Time)-{}","private":true}
{"level":"error","message":"Mon Jul 15 2024 18:01:42 GMT+0530 (India Standard Time)-{}","private":true}
{"level":"error","message":"Thu Jul 18 2024 13:05:01 GMT+0530 (India Standard Time)-{}","private":true}
{"level":"error","message":"Thu Jul 18 2024 13:10:46 GMT+0530 (India Standard Time)-{}","private":true}
{"level":"error","message":"Thu Jul 18 2024 13:14:10 GMT+0530 (India Standard Time)-{}","private":true}
{"level":"error","message":"Thu Jul 18 2024 13:15:24 GMT+0530 (India Standard Time)-{}","private":true}
{"level":"error","message":"Thu Jul 18 2024 13:16:17 GMT+0530 (India Standard Time)-{}","private":true}
